<?xml version="1.0" encoding="UTF-8"?>
<testng-results total="2" passed="2" failed="0" skipped="0">
  <reporter-output>
  </reporter-output>
  <suite started-at="2022-11-08T17:54:27Z" name="Suite" finished-at="2022-11-08T17:57:00Z" duration-ms="152914">
    <groups>
    </groups>
    <test started-at="2022-11-08T17:54:27Z" name="Test" finished-at="2022-11-08T17:57:00Z" duration-ms="152914">
      <class name="make_mytrip.make_mytrip">
        <test-method is-config="true" signature="beforetest()[pri:0, instance:make_mytrip.make_mytrip@6c4980d3]" started-at="2022-11-08T23:24:27Z" name="beforetest" finished-at="2022-11-08T23:24:41Z" duration-ms="13023" status="PASS">
          <reporter-output>
          </reporter-output>
        </test-method> <!-- beforetest -->
        <test-method signature="test()[pri:0, instance:make_mytrip.make_mytrip@6c4980d3]" started-at="2022-11-08T23:24:41Z" name="test" finished-at="2022-11-08T23:25:00Z" duration-ms="19851" status="PASS">
          <reporter-output>
          </reporter-output>
        </test-method> <!-- test -->
        <test-method signature="test2()[pri:0, instance:make_mytrip.make_mytrip@6c4980d3]" started-at="2022-11-08T23:25:00Z" name="test2" finished-at="2022-11-08T23:27:00Z" duration-ms="120010" status="PASS">
          <reporter-output>
          </reporter-output>
        </test-method> <!-- test2 -->
      </class> <!-- make_mytrip.make_mytrip -->
    </test> <!-- Test -->
  </suite> <!-- Suite -->
</testng-results>
